Build started 12/4/2020 5:25:43 AM.
Logging verbosity is set to: Normal.     1>Project "C:\Users\delan\Desktop\EmergentBehavior\EmergentBehavior\EmergentBehavior.vcxproj" on node 2 (Build target(s)).
     1>InitializeBuildStatus:
         Creating "Debug\EmergentBehavior.tlog\unsuccessfulbuild" because "AlwaysCreate" was specified.
       ClCompile:
         C:\Program Files (x86)\Microsoft Visual Studio\2019\Community\VC\Tools\MSVC\14.26.28801\bin\HostX86\x86\CL.exe /c /ZI /JMC /nologo /W3 /WX- /diagnostics:column /sdl /Od /Oy- /D WIN32 /D _DEBUG /D _WINDOWS /D _UNICODE /D UNICODE /Gm- /EHsc /RTC1 /MDd /GS /fp:precise /permissive- /Zc:wchar_t /Zc:forScope /Zc:inline /Fo"Debug\\" /Fd"Debug\vc142.pdb" /Gd /TP /analyze- /FC /errorReport:prompt EmergentBehavior.cpp
         EmergentBehavior.cpp
     1>C:\Users\delan\Desktop\EmergentBehavior\EmergentBehavior\EmergentBehavior.cpp(293,16): warning C4244: 'return': conversion from 'double' to 'float', possible loss of data
       ResourceCompile:
         All outputs are up-to-date.
       Link:
         C:\Program Files (x86)\Microsoft Visual Studio\2019\Community\VC\Tools\MSVC\14.26.28801\bin\HostX86\x86\link.exe /ERRORREPORT:PROMPT /OUT:"C:\Users\delan\Desktop\EmergentBehavior\Debug\EmergentBehavior.exe" /INCREMENTAL /NOLOGO kernel32.lib user32.lib gdi32.lib winspool.lib comdlg32.lib advapi32.lib shell32.lib ole32.lib oleaut32.lib uuid.lib odbc32.lib odbccp32.lib /MANIFEST /MANIFESTUAC:"level='asInvoker' uiAccess='false'" /manifest:embed /DEBUG:FASTLINK /PDB:"C:\Users\delan\Desktop\EmergentBehavior\Debug\EmergentBehavior.pdb" /SUBSYSTEM:WINDOWS /TLBID:1 /DYNAMICBASE /NXCOMPAT /IMPLIB:"C:\Users\delan\Desktop\EmergentBehavior\Debug\EmergentBehavior.lib" /MACHINE:X86 Debug\EmergentBehavior.res
         Debug\EmergentBehavior.obj
         EmergentBehavior.vcxproj -> C:\Users\delan\Desktop\EmergentBehavior\Debug\EmergentBehavior.exe
       FinalizeBuildStatus:
         Deleting file "Debug\EmergentBehavior.tlog\unsuccessfulbuild".
         Touching "Debug\EmergentBehavior.tlog\EmergentBehavior.lastbuildstate".
     1>Done Building Project "C:\Users\delan\Desktop\EmergentBehavior\EmergentBehavior\EmergentBehavior.vcxproj" (Build target(s)).

Build succeeded.

       "C:\Users\delan\Desktop\EmergentBehavior\EmergentBehavior\EmergentBehavior.vcxproj" (Build target) (1) ->
       (ClCompile target) -> 
         C:\Users\delan\Desktop\EmergentBehavior\EmergentBehavior\EmergentBehavior.cpp(293,16): warning C4244: 'return': conversion from 'double' to 'float', possible loss of data

    1 Warning(s)
    0 Error(s)

Time Elapsed 00:00:01.26
